# JRE version: OpenJDK Runtime Environment (17.0.14+7) (build 17.0.14+7-Ubuntu-124.04)
# Java VM: OpenJDK 64-Bit Server VM (17.0.14+7-Ubuntu-124.04, mixed mode, sharing, tiered, compressed oops, compressed class ptrs, g1 gc, linux-amd64)
GC Precious Log:
 CPUs: 4 total, 4 available
 Memory: 3915M
 Large Page Support: Disabled
 NUMA Support: Disabled
 Compressed Oops: Enabled (32-bit)
 Heap Region Size: 1M
 Heap Min Capacity: 8M
 Heap Initial Capacity: 62M
 Heap Max Capacity: 980M
 Pre-touch: Disabled
 Parallel Workers: 4
 Concurrent Workers: 1
 Concurrent Refinement Workers: 4
 Periodic GC: Disabled
Heap:
 garbage-first heap   total 78848K, used 50330K [0x00000000c2c00000, 0x0000000100000000)
  region size 1024K, 11 young (11264K), 2 survivors (2048K)
 Metaspace       used 33386K, committed 33728K, reserved 1114112K
  class space    used 4270K, committed 4416K, reserved 1048576K
GC Heap History (20 events):
Event: 3,297 GC heap before
{Heap before GC invocations=3 (full 0):
 garbage-first heap   total 68608K, used 37057K [0x00000000c2c00000, 0x0000000100000000)
  region size 1024K, 12 young (12288K), 5 survivors (5120K)
 Metaspace       used 21252K, committed 21504K, reserved 1114112K
  class space    used 3015K, committed 3136K, reserved 1048576K
}
Event: 3,302 GC heap after
{Heap after GC invocations=4 (full 0):
 garbage-first heap   total 68608K, used 33362K [0x00000000c2c00000, 0x0000000100000000)
  region size 1024K, 2 young (2048K), 2 survivors (2048K)
 Metaspace       used 21252K, committed 21504K, reserved 1114112K
  class space    used 3015K, committed 3136K, reserved 1048576K
}
Event: 11,749 GC heap before
{Heap before GC invocations=5 (full 0):
 garbage-first heap   total 68608K, used 47698K [0x00000000c2c00000, 0x0000000100000000)
  region size 1024K, 17 young (17408K), 2 survivors (2048K)
 Metaspace       used 22545K, committed 22848K, reserved 1114112K
  class space    used 3066K, committed 3200K, reserved 1048576K
}
Event: 11,752 GC heap after
{Heap after GC invocations=6 (full 0):
 garbage-first heap   total 68608K, used 36945K [0x00000000c2c00000, 0x0000000100000000)
  region size 1024K, 3 young (3072K), 3 survivors (3072K)
 Metaspace       used 22545K, committed 22848K, reserved 1114112K
  class space    used 3066K, committed 3200K, reserved 1048576K
}
Event: 11,911 GC heap before
{Heap before GC invocations=6 (full 0):
 garbage-first heap   total 68608K, used 40017K [0x00000000c2c00000, 0x0000000100000000)
  region size 1024K, 7 young (7168K), 3 survivors (3072K)
 Metaspace       used 23100K, committed 23360K, reserved 1114112K
  class space    used 3172K, committed 3328K, reserved 1048576K
}
Event: 11,914 GC heap after
{Heap after GC invocations=7 (full 0):
 garbage-first heap   total 68608K, used 38511K [0x00000000c2c00000, 0x0000000100000000)
  region size 1024K, 2 young (2048K), 2 survivors (2048K)
 Metaspace       used 23100K, committed 23360K, reserved 1114112K
  class space    used 3172K, committed 3328K, reserved 1048576K
}
Event: 12,043 GC heap before
{Heap before GC invocations=8 (full 0):
 garbage-first heap   total 71680K, used 39535K [0x00000000c2c00000, 0x0000000100000000)
  region size 1024K, 3 young (3072K), 2 survivors (2048K)
 Metaspace       used 23177K, committed 23488K, reserved 1114112K
  class space    used 3172K, committed 3328K, reserved 1048576K
}
Event: 12,046 GC heap after
{Heap after GC invocations=9 (full 0):
 garbage-first heap   total 71680K, used 38512K [0x00000000c2c00000, 0x0000000100000000)
  region size 1024K, 2 young (2048K), 2 survivors (2048K)
 Metaspace       used 23177K, committed 23488K, reserved 1114112K
  class space    used 3172K, committed 3328K, reserved 1048576K
}
Event: 14,582 GC heap before
{Heap before GC invocations=10 (full 0):
 garbage-first heap   total 71680K, used 50800K [0x00000000c2c00000, 0x0000000100000000)
  region size 1024K, 13 young (13312K), 2 survivors (2048K)
 Metaspace       used 27915K, committed 28224K, reserved 1114112K
  class space    used 3702K, committed 3840K, reserved 1048576K
}
Event: 14,585 GC heap after
{Heap after GC invocations=11 (full 0):
 garbage-first heap   total 71680K, used 39319K [0x00000000c2c00000, 0x0000000100000000)
  region size 1024K, 2 young (2048K), 2 survivors (2048K)
 Metaspace       used 27915K, committed 28224K, reserved 1114112K
  class space    used 3702K, committed 3840K, reserved 1048576K
}
Event: 24,629 GC heap before
{Heap before GC invocations=11 (full 0):
 garbage-first heap   total 71680K, used 50583K [0x00000000c2c00000, 0x0000000100000000)
  region size 1024K, 14 young (14336K), 2 survivors (2048K)
 Metaspace       used 32625K, committed 32960K, reserved 1114112K
  class space    used 4259K, committed 4416K, reserved 1048576K
}
Event: 24,633 GC heap after
{Heap after GC invocations=12 (full 0):
 garbage-first heap   total 71680K, used 40630K [0x00000000c2c00000, 0x0000000100000000)
  region size 1024K, 2 young (2048K), 2 survivors (2048K)
 Metaspace       used 32625K, committed 32960K, reserved 1114112K
  class space    used 4259K, committed 4416K, reserved 1048576K
}
Event: 42,756 GC heap before
{Heap before GC invocations=13 (full 0):
 garbage-first heap   total 75776K, used 52918K [0x00000000c2c00000, 0x0000000100000000)
  region size 1024K, 14 young (14336K), 2 survivors (2048K)
 Metaspace       used 33027K, committed 33344K, reserved 1114112K
  class space    used 4263K, committed 4416K, reserved 1048576K
}
Event: 42,770 GC heap after
{Heap after GC invocations=14 (full 0):
 garbage-first heap   total 75776K, used 41194K [0x00000000c2c00000, 0x0000000100000000)
  region size 1024K, 2 young (2048K), 2 survivors (2048K)
 Metaspace       used 33027K, committed 33344K, reserved 1114112K
  class space    used 4263K, committed 4416K, reserved 1048576K
}
Event: 48,367 GC heap before
{Heap before GC invocations=14 (full 0):
 garbage-first heap   total 75776K, used 55530K [0x00000000c2c00000, 0x0000000100000000)
  region size 1024K, 16 young (16384K), 2 survivors (2048K)
 Metaspace       used 33126K, committed 33408K, reserved 1114112K
  class space    used 4263K, committed 4416K, reserved 1048576K
}
Event: 48,378 GC heap after
{Heap after GC invocations=15 (full 0):
 garbage-first heap   total 75776K, used 41587K [0x00000000c2c00000, 0x0000000100000000)
  region size 1024K, 2 young (2048K), 2 survivors (2048K)
 Metaspace       used 33126K, committed 33408K, reserved 1114112K
  class space    used 4263K, committed 4416K, reserved 1048576K
}
Event: 48,624 GC heap before
{Heap before GC invocations=16 (full 0):
 garbage-first heap   total 78848K, used 56947K [0x00000000c2c00000, 0x0000000100000000)
  region size 1024K, 17 young (17408K), 2 survivors (2048K)
 Metaspace       used 33209K, committed 33536K, reserved 1114112K
  class space    used 4263K, committed 4416K, reserved 1048576K
}
Event: 48,632 GC heap after
{Heap after GC invocations=17 (full 0):
 garbage-first heap   total 78848K, used 41884K [0x00000000c2c00000, 0x0000000100000000)
  region size 1024K, 2 young (2048K), 2 survivors (2048K)
 Metaspace       used 33209K, committed 33536K, reserved 1114112K
  class space    used 4263K, committed 4416K, reserved 1048576K
}
Event: 49,544 GC heap before
{Heap before GC invocations=17 (full 0):
 garbage-first heap   total 78848K, used 59292K [0x00000000c2c00000, 0x0000000100000000)
  region size 1024K, 19 young (19456K), 2 survivors (2048K)
 Metaspace       used 33295K, committed 33664K, reserved 1114112K
  class space    used 4263K, committed 4416K, reserved 1048576K
}
Event: 49,557 GC heap after
{Heap after GC invocations=18 (full 0):
 garbage-first heap   total 78848K, used 42138K [0x00000000c2c00000, 0x0000000100000000)
  region size 1024K, 2 young (2048K), 2 survivors (2048K)
 Metaspace       used 33295K, committed 33664K, reserved 1114112K
  class space    used 4263K, committed 4416K, reserved 1048576K
}

